This file contains any messages produced by compilers while
running configure, to aid debugging if configure makes a mistake.

It was created by OpenSSAG configure 0.1.5.1, which was
generated by GNU Autoconf 2.69.  Invocation command line was

  $ ./configure 

## --------- ##
## Platform. ##
## --------- ##

hostname = mroguide
uname -m = armv7l
uname -r = 4.1.19-v7+
uname -s = Linux
uname -v = #858 SMP Tue Mar 15 15:56:00 GMT 2016

/usr/bin/uname -p = unknown
/bin/uname -X     = unknown

/bin/arch              = unknown
/usr/bin/arch -k       = unknown
/usr/convex/getsysinfo = unknown
/usr/bin/hostinfo      = unknown
/bin/machine           = unknown
/usr/bin/oslevel       = unknown
/bin/universe          = unknown

PATH: /usr/local/sbin
PATH: /usr/local/bin
PATH: /usr/sbin
PATH: /usr/bin
PATH: /sbin
PATH: /bin
PATH: /usr/games
PATH: /usr/local/games
PATH: /snap/bin


## ----------- ##
## Core tests. ##
## ----------- ##

configure:2502: checking for a BSD-compatible install
configure:2570: result: /usr/bin/install -c
configure:2581: checking whether build environment is sane
configure:2636: result: yes
configure:2787: checking for a thread-safe mkdir -p
configure:2826: result: /bin/mkdir -p
configure:2833: checking for gawk
configure:2849: found /usr/bin/gawk
configure:2860: result: gawk
configure:2871: checking whether make sets $(MAKE)
configure:2893: result: yes
configure:2922: checking whether make supports nested variables
configure:2939: result: yes
configure:3095: checking build system type
configure:3109: result: armv7l-unknown-linux-gnueabihf
configure:3129: checking host system type
configure:3142: result: armv7l-unknown-linux-gnueabihf
configure:3183: checking how to print strings
configure:3210: result: printf
configure:3243: checking for style of include used by make
configure:3271: result: GNU
configure:3342: checking for gcc
configure:3358: found /usr/bin/gcc
configure:3369: result: gcc
configure:3598: checking for C compiler version
configure:3607: gcc --version >&5
gcc (Ubuntu/Linaro 5.4.0-6ubuntu1~16.04.4) 5.4.0 20160609
Copyright (C) 2015 Free Software Foundation, Inc.
This is free software; see the source for copying conditions.  There is NO
warranty; not even for MERCHANTABILITY or FITNESS FOR A PARTICULAR PURPOSE.

configure:3618: $? = 0
configure:3607: gcc -v >&5
Using built-in specs.
COLLECT_GCC=gcc
COLLECT_LTO_WRAPPER=/usr/lib/gcc/arm-linux-gnueabihf/5/lto-wrapper
Target: arm-linux-gnueabihf
Configured with: ../src/configure -v --with-pkgversion='Ubuntu/Linaro 5.4.0-6ubuntu1~16.04.4' --with-bugurl=file:///usr/share/doc/gcc-5/README.Bugs --enable-languages=c,ada,c++,java,go,d,fortran,objc,obj-c++ --prefix=/usr --program-suffix=-5 --enable-shared --enable-linker-build-id --libexecdir=/usr/lib --without-included-gettext --enable-threads=posix --libdir=/usr/lib --enable-nls --with-sysroot=/ --enable-clocale=gnu --enable-libstdcxx-debug --enable-libstdcxx-time=yes --with-default-libstdcxx-abi=new --enable-gnu-unique-object --disable-libitm --disable-libquadmath --enable-plugin --with-system-zlib --disable-browser-plugin --enable-java-awt=gtk --enable-gtk-cairo --with-java-home=/usr/lib/jvm/java-1.5.0-gcj-5-armhf/jre --enable-java-home --with-jvm-root-dir=/usr/lib/jvm/java-1.5.0-gcj-5-armhf --with-jvm-jar-dir=/usr/lib/jvm-exports/java-1.5.0-gcj-5-armhf --with-arch-directory=arm --with-ecj-jar=/usr/share/java/eclipse-ecj.jar --enable-objc-gc --enable-multiarch --enable-multilib --disable-sjlj-exceptions --with-arch=armv7-a --with-fpu=vfpv3-d16 --with-float=hard --with-mode=thumb --disable-werror --enable-multilib --enable-checking=release --build=arm-linux-gnueabihf --host=arm-linux-gnueabihf --target=arm-linux-gnueabihf
Thread model: posix
gcc version 5.4.0 20160609 (Ubuntu/Linaro 5.4.0-6ubuntu1~16.04.4) 
configure:3618: $? = 0
configure:3607: gcc -V >&5
gcc: error: unrecognized command line option '-V'
gcc: fatal error: no input files
compilation terminated.
configure:3618: $? = 1
configure:3607: gcc -qversion >&5
gcc: error: unrecognized command line option '-qversion'
gcc: fatal error: no input files
compilation terminated.
configure:3618: $? = 1
configure:3638: checking whether the C compiler works
configure:3660: gcc    conftest.c  >&5
configure:3664: $? = 0
configure:3712: result: yes
configure:3715: checking for C compiler default output file name
configure:3717: result: a.out
configure:3723: checking for suffix of executables
configure:3730: gcc -o conftest    conftest.c  >&5
configure:3734: $? = 0
configure:3756: result: 
configure:3778: checking whether we are cross compiling
configure:3786: gcc -o conftest    conftest.c  >&5
configure:3790: $? = 0
configure:3797: ./conftest
configure:3801: $? = 0
configure:3816: result: no
configure:3821: checking for suffix of object files
configure:3843: gcc -c   conftest.c >&5
configure:3847: $? = 0
configure:3868: result: o
configure:3872: checking whether we are using the GNU C compiler
configure:3891: gcc -c   conftest.c >&5
configure:3891: $? = 0
configure:3900: result: yes
configure:3909: checking whether gcc accepts -g
configure:3929: gcc -c -g  conftest.c >&5
configure:3929: $? = 0
configure:3970: result: yes
configure:3987: checking for gcc option to accept ISO C89
configure:4050: gcc  -c -g -O2  conftest.c >&5
configure:4050: $? = 0
configure:4063: result: none needed
configure:4088: checking whether gcc understands -c and -o together
configure:4110: gcc -c conftest.c -o conftest2.o
configure:4113: $? = 0
configure:4110: gcc -c conftest.c -o conftest2.o
configure:4113: $? = 0
configure:4125: result: yes
configure:4144: checking dependency style of gcc
configure:4255: result: gcc3
configure:4270: checking for a sed that does not truncate output
configure:4334: result: /bin/sed
configure:4352: checking for grep that handles long lines and -e
configure:4410: result: /bin/grep
configure:4415: checking for egrep
configure:4477: result: /bin/grep -E
configure:4482: checking for fgrep
configure:4544: result: /bin/grep -F
configure:4579: checking for ld used by gcc
configure:4646: result: /usr/bin/ld
configure:4653: checking if the linker (/usr/bin/ld) is GNU ld
configure:4668: result: yes
configure:4680: checking for BSD- or MS-compatible name lister (nm)
configure:4734: result: /usr/bin/nm -B
configure:4864: checking the name lister (/usr/bin/nm -B) interface
configure:4871: gcc -c -g -O2  conftest.c >&5
configure:4874: /usr/bin/nm -B "conftest.o"
configure:4877: output
00000000 B some_variable
configure:4884: result: BSD nm
configure:4887: checking whether ln -s works
configure:4891: result: yes
configure:4899: checking the maximum length of command line arguments
configure:5030: result: 1572864
configure:5078: checking how to convert armv7l-unknown-linux-gnueabihf file names to armv7l-unknown-linux-gnueabihf format
configure:5118: result: func_convert_file_noop
configure:5125: checking how to convert armv7l-unknown-linux-gnueabihf file names to toolchain format
configure:5145: result: func_convert_file_noop
configure:5152: checking for /usr/bin/ld option to reload object files
configure:5159: result: -r
configure:5233: checking for objdump
configure:5249: found /usr/bin/objdump
configure:5260: result: objdump
configure:5292: checking how to recognize dependent libraries
configure:5492: result: pass_all
configure:5577: checking for dlltool
configure:5607: result: no
configure:5637: checking how to associate runtime and link libraries
configure:5664: result: printf %s\n
configure:5725: checking for ar
configure:5741: found /usr/bin/ar
configure:5752: result: ar
configure:5789: checking for archiver @FILE support
configure:5806: gcc -c -g -O2  conftest.c >&5
configure:5806: $? = 0
configure:5809: ar cru libconftest.a @conftest.lst >&5
ar: `u' modifier ignored since `D' is the default (see `U')
configure:5812: $? = 0
configure:5817: ar cru libconftest.a @conftest.lst >&5
ar: `u' modifier ignored since `D' is the default (see `U')
ar: conftest.o: No such file or directory
configure:5820: $? = 1
configure:5832: result: @
configure:5890: checking for strip
configure:5906: found /usr/bin/strip
configure:5917: result: strip
configure:5989: checking for ranlib
configure:6005: found /usr/bin/ranlib
configure:6016: result: ranlib
configure:6118: checking command to parse /usr/bin/nm -B output from gcc object
configure:6271: gcc -c -g -O2  conftest.c >&5
configure:6274: $? = 0
configure:6278: /usr/bin/nm -B conftest.o \| sed -n -e 's/^.*[ ]\([ABCDGIRSTW][ABCDGIRSTW]*\)[ ][ ]*\([_A-Za-z][_A-Za-z0-9]*\)$/\1 \2 \2/p' | sed '/ __gnu_lto/d' \> conftest.nm
configure:6281: $? = 0
configure:6347: gcc -o conftest -g -O2   conftest.c conftstm.o >&5
configure:6350: $? = 0
configure:6388: result: ok
configure:6435: checking for sysroot
configure:6465: result: no
configure:6472: checking for a working dd
configure:6510: result: /bin/dd
configure:6514: checking how to truncate binary pipes
configure:6529: result: /bin/dd bs=4096 count=1
configure:6858: checking for mt
configure:6874: found /bin/mt
configure:6885: result: mt
configure:6908: checking if mt is a manifest tool
configure:6914: mt '-?'
configure:6922: result: no
configure:7599: checking how to run the C preprocessor
configure:7630: gcc -E  conftest.c
configure:7630: $? = 0
configure:7644: gcc -E  conftest.c
conftest.c:11:28: fatal error: ac_nonexistent.h: No such file or directory
compilation terminated.
configure:7644: $? = 1
configure: failed program was:
| /* confdefs.h */
| #define PACKAGE_NAME "OpenSSAG"
| #define PACKAGE_TARNAME "openssag"
| #define PACKAGE_VERSION "0.1.5.1"
| #define PACKAGE_STRING "OpenSSAG 0.1.5.1"
| #define PACKAGE_BUGREPORT "eric@ejholmes.net"
| #define PACKAGE_URL ""
| #define PACKAGE "openssag"
| #define VERSION "0.1.5.1"
| /* end confdefs.h.  */
| #include <ac_nonexistent.h>
configure:7669: result: gcc -E
configure:7689: gcc -E  conftest.c
configure:7689: $? = 0
configure:7703: gcc -E  conftest.c
conftest.c:11:28: fatal error: ac_nonexistent.h: No such file or directory
compilation terminated.
configure:7703: $? = 1
configure: failed program was:
| /* confdefs.h */
| #define PACKAGE_NAME "OpenSSAG"
| #define PACKAGE_TARNAME "openssag"
| #define PACKAGE_VERSION "0.1.5.1"
| #define PACKAGE_STRING "OpenSSAG 0.1.5.1"
| #define PACKAGE_BUGREPORT "eric@ejholmes.net"
| #define PACKAGE_URL ""
| #define PACKAGE "openssag"
| #define VERSION "0.1.5.1"
| /* end confdefs.h.  */
| #include <ac_nonexistent.h>
configure:7732: checking for ANSI C header files
configure:7752: gcc -c -g -O2  conftest.c >&5
configure:7752: $? = 0
configure:7825: gcc -o conftest -g -O2   conftest.c  >&5
configure:7825: $? = 0
configure:7825: ./conftest
configure:7825: $? = 0
configure:7836: result: yes
configure:7849: checking for sys/types.h
configure:7849: gcc -c -g -O2  conftest.c >&5
configure:7849: $? = 0
configure:7849: result: yes
configure:7849: checking for sys/stat.h
configure:7849: gcc -c -g -O2  conftest.c >&5
configure:7849: $? = 0
configure:7849: result: yes
configure:7849: checking for stdlib.h
configure:7849: gcc -c -g -O2  conftest.c >&5
configure:7849: $? = 0
configure:7849: result: yes
configure:7849: checking for string.h
configure:7849: gcc -c -g -O2  conftest.c >&5
configure:7849: $? = 0
configure:7849: result: yes
configure:7849: checking for memory.h
configure:7849: gcc -c -g -O2  conftest.c >&5
configure:7849: $? = 0
configure:7849: result: yes
configure:7849: checking for strings.h
configure:7849: gcc -c -g -O2  conftest.c >&5
configure:7849: $? = 0
configure:7849: result: yes
configure:7849: checking for inttypes.h
configure:7849: gcc -c -g -O2  conftest.c >&5
configure:7849: $? = 0
configure:7849: result: yes
configure:7849: checking for stdint.h
configure:7849: gcc -c -g -O2  conftest.c >&5
configure:7849: $? = 0
configure:7849: result: yes
configure:7849: checking for unistd.h
configure:7849: gcc -c -g -O2  conftest.c >&5
configure:7849: $? = 0
configure:7849: result: yes
configure:7863: checking for dlfcn.h
configure:7863: gcc -c -g -O2  conftest.c >&5
configure:7863: $? = 0
configure:7863: result: yes
configure:8119: checking for objdir
configure:8134: result: .libs
configure:8398: checking if gcc supports -fno-rtti -fno-exceptions
configure:8416: gcc -c -g -O2  -fno-rtti -fno-exceptions conftest.c >&5
cc1: warning: command line option '-fno-rtti' is valid for C++/ObjC++ but not for C
configure:8420: $? = 0
configure:8433: result: no
configure:8791: checking for gcc option to produce PIC
configure:8798: result: -fPIC -DPIC
configure:8806: checking if gcc PIC flag -fPIC -DPIC works
configure:8824: gcc -c -g -O2  -fPIC -DPIC -DPIC conftest.c >&5
configure:8828: $? = 0
configure:8841: result: yes
configure:8870: checking if gcc static flag -static works
configure:8898: result: yes
configure:8913: checking if gcc supports -c -o file.o
configure:8934: gcc -c -g -O2  -o out/conftest2.o conftest.c >&5
configure:8938: $? = 0
configure:8960: result: yes
configure:8968: checking if gcc supports -c -o file.o
configure:9015: result: yes
configure:9048: checking whether the gcc linker (/usr/bin/ld) supports shared libraries
configure:10311: result: yes
configure:10348: checking whether -lc should be explicitly linked in
configure:10356: gcc -c -g -O2  conftest.c >&5
configure:10359: $? = 0
configure:10374: gcc -shared  -fPIC -DPIC conftest.o  -v -Wl,-soname -Wl,conftest -o conftest 2\>\&1 \| /bin/grep  -lc  \>/dev/null 2\>\&1
configure:10377: $? = 0
configure:10391: result: no
configure:10551: checking dynamic linker characteristics
configure:11132: gcc -o conftest -g -O2   -Wl,-rpath -Wl,/foo conftest.c  >&5
configure:11132: $? = 0
configure:11381: result: GNU/Linux ld.so
configure:11503: checking how to hardcode library paths into programs
configure:11528: result: immediate
configure:12076: checking whether stripping libraries is possible
configure:12081: result: yes
configure:12116: checking if libtool supports shared libraries
configure:12118: result: yes
configure:12121: checking whether to build shared libraries
configure:12146: result: yes
configure:12149: checking whether to build static libraries
configure:12153: result: yes
configure:12293: checking the archiver (ar) interface
configure:12309: gcc -c -g -O2  conftest.c >&5
configure:12309: $? = 0
configure:12311: ar cru libconftest.a conftest.o >&5
ar: `u' modifier ignored since `D' is the default (see `U')
configure:12314: $? = 0
configure:12342: result: ar
configure:12422: checking for g++
configure:12438: found /usr/bin/g++
configure:12449: result: g++
configure:12476: checking for C++ compiler version
configure:12485: g++ --version >&5
g++ (Ubuntu/Linaro 5.4.0-6ubuntu1~16.04.4) 5.4.0 20160609
Copyright (C) 2015 Free Software Foundation, Inc.
This is free software; see the source for copying conditions.  There is NO
warranty; not even for MERCHANTABILITY or FITNESS FOR A PARTICULAR PURPOSE.

configure:12496: $? = 0
configure:12485: g++ -v >&5
Using built-in specs.
COLLECT_GCC=g++
COLLECT_LTO_WRAPPER=/usr/lib/gcc/arm-linux-gnueabihf/5/lto-wrapper
Target: arm-linux-gnueabihf
Configured with: ../src/configure -v --with-pkgversion='Ubuntu/Linaro 5.4.0-6ubuntu1~16.04.4' --with-bugurl=file:///usr/share/doc/gcc-5/README.Bugs --enable-languages=c,ada,c++,java,go,d,fortran,objc,obj-c++ --prefix=/usr --program-suffix=-5 --enable-shared --enable-linker-build-id --libexecdir=/usr/lib --without-included-gettext --enable-threads=posix --libdir=/usr/lib --enable-nls --with-sysroot=/ --enable-clocale=gnu --enable-libstdcxx-debug --enable-libstdcxx-time=yes --with-default-libstdcxx-abi=new --enable-gnu-unique-object --disable-libitm --disable-libquadmath --enable-plugin --with-system-zlib --disable-browser-plugin --enable-java-awt=gtk --enable-gtk-cairo --with-java-home=/usr/lib/jvm/java-1.5.0-gcj-5-armhf/jre --enable-java-home --with-jvm-root-dir=/usr/lib/jvm/java-1.5.0-gcj-5-armhf --with-jvm-jar-dir=/usr/lib/jvm-exports/java-1.5.0-gcj-5-armhf --with-arch-directory=arm --with-ecj-jar=/usr/share/java/eclipse-ecj.jar --enable-objc-gc --enable-multiarch --enable-multilib --disable-sjlj-exceptions --with-arch=armv7-a --with-fpu=vfpv3-d16 --with-float=hard --with-mode=thumb --disable-werror --enable-multilib --enable-checking=release --build=arm-linux-gnueabihf --host=arm-linux-gnueabihf --target=arm-linux-gnueabihf
Thread model: posix
gcc version 5.4.0 20160609 (Ubuntu/Linaro 5.4.0-6ubuntu1~16.04.4) 
configure:12496: $? = 0
configure:12485: g++ -V >&5
g++: error: unrecognized command line option '-V'
g++: fatal error: no input files
compilation terminated.
configure:12496: $? = 1
configure:12485: g++ -qversion >&5
g++: error: unrecognized command line option '-qversion'
g++: fatal error: no input files
compilation terminated.
configure:12496: $? = 1
configure:12500: checking whether we are using the GNU C++ compiler
configure:12519: g++ -c   conftest.cpp >&5
configure:12519: $? = 0
configure:12528: result: yes
configure:12537: checking whether g++ accepts -g
configure:12557: g++ -c -g  conftest.cpp >&5
configure:12557: $? = 0
configure:12598: result: yes
configure:12623: checking dependency style of g++
configure:12734: result: gcc3
configure:12767: checking how to run the C++ preprocessor
configure:12794: g++ -E  conftest.cpp
configure:12794: $? = 0
configure:12808: g++ -E  conftest.cpp
conftest.cpp:23:28: fatal error: ac_nonexistent.h: No such file or directory
compilation terminated.
configure:12808: $? = 1
configure: failed program was:
| /* confdefs.h */
| #define PACKAGE_NAME "OpenSSAG"
| #define PACKAGE_TARNAME "openssag"
| #define PACKAGE_VERSION "0.1.5.1"
| #define PACKAGE_STRING "OpenSSAG 0.1.5.1"
| #define PACKAGE_BUGREPORT "eric@ejholmes.net"
| #define PACKAGE_URL ""
| #define PACKAGE "openssag"
| #define VERSION "0.1.5.1"
| #define STDC_HEADERS 1
| #define HAVE_SYS_TYPES_H 1
| #define HAVE_SYS_STAT_H 1
| #define HAVE_STDLIB_H 1
| #define HAVE_STRING_H 1
| #define HAVE_MEMORY_H 1
| #define HAVE_STRINGS_H 1
| #define HAVE_INTTYPES_H 1
| #define HAVE_STDINT_H 1
| #define HAVE_UNISTD_H 1
| #define HAVE_DLFCN_H 1
| #define LT_OBJDIR ".libs/"
| /* end confdefs.h.  */
| #include <ac_nonexistent.h>
configure:12833: result: g++ -E
configure:12853: g++ -E  conftest.cpp
configure:12853: $? = 0
configure:12867: g++ -E  conftest.cpp
conftest.cpp:23:28: fatal error: ac_nonexistent.h: No such file or directory
compilation terminated.
configure:12867: $? = 1
configure: failed program was:
| /* confdefs.h */
| #define PACKAGE_NAME "OpenSSAG"
| #define PACKAGE_TARNAME "openssag"
| #define PACKAGE_VERSION "0.1.5.1"
| #define PACKAGE_STRING "OpenSSAG 0.1.5.1"
| #define PACKAGE_BUGREPORT "eric@ejholmes.net"
| #define PACKAGE_URL ""
| #define PACKAGE "openssag"
| #define VERSION "0.1.5.1"
| #define STDC_HEADERS 1
| #define HAVE_SYS_TYPES_H 1
| #define HAVE_SYS_STAT_H 1
| #define HAVE_STDLIB_H 1
| #define HAVE_STRING_H 1
| #define HAVE_MEMORY_H 1
| #define HAVE_STRINGS_H 1
| #define HAVE_INTTYPES_H 1
| #define HAVE_STDINT_H 1
| #define HAVE_UNISTD_H 1
| #define HAVE_DLFCN_H 1
| #define LT_OBJDIR ".libs/"
| /* end confdefs.h.  */
| #include <ac_nonexistent.h>
configure:13029: checking for ld used by g++
configure:13096: result: /usr/bin/ld
configure:13103: checking if the linker (/usr/bin/ld) is GNU ld
configure:13118: result: yes
configure:13173: checking whether the g++ linker (/usr/bin/ld) supports shared libraries
configure:14246: result: yes
configure:14282: g++ -c -g -O2  conftest.cpp >&5
configure:14285: $? = 0
configure:14766: checking for g++ option to produce PIC
configure:14773: result: -fPIC -DPIC
configure:14781: checking if g++ PIC flag -fPIC -DPIC works
configure:14799: g++ -c -g -O2  -fPIC -DPIC -DPIC conftest.cpp >&5
configure:14803: $? = 0
configure:14816: result: yes
configure:14839: checking if g++ static flag -static works
configure:14867: result: yes
configure:14879: checking if g++ supports -c -o file.o
configure:14900: g++ -c -g -O2  -o out/conftest2.o conftest.cpp >&5
configure:14904: $? = 0
configure:14926: result: yes
configure:14931: checking if g++ supports -c -o file.o
configure:14978: result: yes
configure:15008: checking whether the g++ linker (/usr/bin/ld) supports shared libraries
configure:15051: result: yes
configure:15192: checking dynamic linker characteristics
configure:15949: result: GNU/Linux ld.so
configure:16014: checking how to hardcode library paths into programs
configure:16039: result: immediate
configure:16127: checking for gcc
configure:16154: result: gcc
configure:16383: checking for C compiler version
configure:16392: gcc --version >&5
gcc (Ubuntu/Linaro 5.4.0-6ubuntu1~16.04.4) 5.4.0 20160609
Copyright (C) 2015 Free Software Foundation, Inc.
This is free software; see the source for copying conditions.  There is NO
warranty; not even for MERCHANTABILITY or FITNESS FOR A PARTICULAR PURPOSE.

configure:16403: $? = 0
configure:16392: gcc -v >&5
Using built-in specs.
COLLECT_GCC=gcc
COLLECT_LTO_WRAPPER=/usr/lib/gcc/arm-linux-gnueabihf/5/lto-wrapper
Target: arm-linux-gnueabihf
Configured with: ../src/configure -v --with-pkgversion='Ubuntu/Linaro 5.4.0-6ubuntu1~16.04.4' --with-bugurl=file:///usr/share/doc/gcc-5/README.Bugs --enable-languages=c,ada,c++,java,go,d,fortran,objc,obj-c++ --prefix=/usr --program-suffix=-5 --enable-shared --enable-linker-build-id --libexecdir=/usr/lib --without-included-gettext --enable-threads=posix --libdir=/usr/lib --enable-nls --with-sysroot=/ --enable-clocale=gnu --enable-libstdcxx-debug --enable-libstdcxx-time=yes --with-default-libstdcxx-abi=new --enable-gnu-unique-object --disable-libitm --disable-libquadmath --enable-plugin --with-system-zlib --disable-browser-plugin --enable-java-awt=gtk --enable-gtk-cairo --with-java-home=/usr/lib/jvm/java-1.5.0-gcj-5-armhf/jre --enable-java-home --with-jvm-root-dir=/usr/lib/jvm/java-1.5.0-gcj-5-armhf --with-jvm-jar-dir=/usr/lib/jvm-exports/java-1.5.0-gcj-5-armhf --with-arch-directory=arm --with-ecj-jar=/usr/share/java/eclipse-ecj.jar --enable-objc-gc --enable-multiarch --enable-multilib --disable-sjlj-exceptions --with-arch=armv7-a --with-fpu=vfpv3-d16 --with-float=hard --with-mode=thumb --disable-werror --enable-multilib --enable-checking=release --build=arm-linux-gnueabihf --host=arm-linux-gnueabihf --target=arm-linux-gnueabihf
Thread model: posix
gcc version 5.4.0 20160609 (Ubuntu/Linaro 5.4.0-6ubuntu1~16.04.4) 
configure:16403: $? = 0
configure:16392: gcc -V >&5
gcc: error: unrecognized command line option '-V'
gcc: fatal error: no input files
compilation terminated.
configure:16403: $? = 1
configure:16392: gcc -qversion >&5
gcc: error: unrecognized command line option '-qversion'
gcc: fatal error: no input files
compilation terminated.
configure:16403: $? = 1
configure:16407: checking whether we are using the GNU C compiler
configure:16435: result: yes
configure:16444: checking whether gcc accepts -g
configure:16505: result: yes
configure:16522: checking for gcc option to accept ISO C89
configure:16598: result: none needed
configure:16623: checking whether gcc understands -c and -o together
configure:16660: result: yes
configure:16679: checking dependency style of gcc
configure:16790: result: gcc3
configure:16860: checking for pkg-config
configure:16878: found /usr/bin/pkg-config
configure:16890: result: /usr/bin/pkg-config
configure:16915: checking pkg-config is at least version 0.9.0
configure:16918: result: yes
configure:17085: checking for libusb-config
configure:17103: found /usr/bin/libusb-config
configure:17115: result: /usr/bin/libusb-config
configure:17127: checking for LIBUSB
configure:17134: $PKG_CONFIG --exists --print-errors "libusb"
configure:17137: $? = 0
configure:17151: $PKG_CONFIG --exists --print-errors "libusb"
configure:17154: $? = 0
configure:17372: result: yes
configure:17489: checking for stdlib.h
configure:17489: result: yes
configure:17489: checking for string.h
configure:17489: result: yes
configure:17501: checking for stdbool.h that conforms to C99
configure:17568: gcc -c -g -O2  conftest.c >&5
configure:17568: $? = 0
configure:17575: result: yes
configure:17577: checking for _Bool
configure:17577: gcc -c -g -O2  conftest.c >&5
configure:17577: $? = 0
configure:17577: gcc -c -g -O2  conftest.c >&5
conftest.c: In function 'main':
conftest.c:61:20: error: expected expression before ')' token
 if (sizeof ((_Bool)))
                    ^
configure:17577: $? = 1
configure: failed program was:
| /* confdefs.h */
| #define PACKAGE_NAME "OpenSSAG"
| #define PACKAGE_TARNAME "openssag"
| #define PACKAGE_VERSION "0.1.5.1"
| #define PACKAGE_STRING "OpenSSAG 0.1.5.1"
| #define PACKAGE_BUGREPORT "eric@ejholmes.net"
| #define PACKAGE_URL ""
| #define PACKAGE "openssag"
| #define VERSION "0.1.5.1"
| #define STDC_HEADERS 1
| #define HAVE_SYS_TYPES_H 1
| #define HAVE_SYS_STAT_H 1
| #define HAVE_STDLIB_H 1
| #define HAVE_STRING_H 1
| #define HAVE_MEMORY_H 1
| #define HAVE_STRINGS_H 1
| #define HAVE_INTTYPES_H 1
| #define HAVE_STDINT_H 1
| #define HAVE_UNISTD_H 1
| #define HAVE_DLFCN_H 1
| #define LT_OBJDIR ".libs/"
| #define HAVE_STDLIB_H 1
| #define HAVE_STRING_H 1
| /* end confdefs.h.  */
| #include <stdio.h>
| #ifdef HAVE_SYS_TYPES_H
| # include <sys/types.h>
| #endif
| #ifdef HAVE_SYS_STAT_H
| # include <sys/stat.h>
| #endif
| #ifdef STDC_HEADERS
| # include <stdlib.h>
| # include <stddef.h>
| #else
| # ifdef HAVE_STDLIB_H
| #  include <stdlib.h>
| # endif
| #endif
| #ifdef HAVE_STRING_H
| # if !defined STDC_HEADERS && defined HAVE_MEMORY_H
| #  include <memory.h>
| # endif
| # include <string.h>
| #endif
| #ifdef HAVE_STRINGS_H
| # include <strings.h>
| #endif
| #ifdef HAVE_INTTYPES_H
| # include <inttypes.h>
| #endif
| #ifdef HAVE_STDINT_H
| # include <stdint.h>
| #endif
| #ifdef HAVE_UNISTD_H
| # include <unistd.h>
| #endif
| int
| main ()
| {
| if (sizeof ((_Bool)))
| 	    return 0;
|   ;
|   return 0;
| }
configure:17577: result: yes
configure:17594: checking for inline
configure:17610: gcc -c -g -O2  conftest.c >&5
configure:17610: $? = 0
configure:17618: result: inline
configure:17640: checking for stdlib.h
configure:17640: result: yes
configure:17650: checking for GNU libc compatible malloc
configure:17674: gcc -o conftest -g -O2   conftest.c  >&5
configure:17674: $? = 0
configure:17674: ./conftest
configure:17674: $? = 0
configure:17684: result: yes
configure:17817: checking that generated files are newer than configure
configure:17823: result: done
configure:17862: creating ./config.status

## ---------------------- ##
## Running config.status. ##
## ---------------------- ##

This file was extended by OpenSSAG config.status 0.1.5.1, which was
generated by GNU Autoconf 2.69.  Invocation command line was

  CONFIG_FILES    = 
  CONFIG_HEADERS  = 
  CONFIG_LINKS    = 
  CONFIG_COMMANDS = 
  $ ./config.status 

on mroguide

config.status:1167: creating Makefile
config.status:1167: creating src/Makefile
config.status:1167: creating src/commandline/Makefile
config.status:1167: creating config.h
config.status:1348: config.h is unchanged
config.status:1396: executing depfiles commands
config.status:1396: executing libtool commands

## ---------------- ##
## Cache variables. ##
## ---------------- ##

ac_cv_build=armv7l-unknown-linux-gnueabihf
ac_cv_c_compiler_gnu=yes
ac_cv_c_inline=inline
ac_cv_cxx_compiler_gnu=yes
ac_cv_env_CCC_set=
ac_cv_env_CCC_value=
ac_cv_env_CC_set=
ac_cv_env_CC_value=
ac_cv_env_CFLAGS_set=
ac_cv_env_CFLAGS_value=
ac_cv_env_CPPFLAGS_set=
ac_cv_env_CPPFLAGS_value=
ac_cv_env_CPP_set=
ac_cv_env_CPP_value=
ac_cv_env_CXXCPP_set=
ac_cv_env_CXXCPP_value=
ac_cv_env_CXXFLAGS_set=
ac_cv_env_CXXFLAGS_value=
ac_cv_env_CXX_set=
ac_cv_env_CXX_value=
ac_cv_env_LDFLAGS_set=
ac_cv_env_LDFLAGS_value=
ac_cv_env_LIBS_set=
ac_cv_env_LIBS_value=
ac_cv_env_LIBUSB_CFLAGS_set=
ac_cv_env_LIBUSB_CFLAGS_value=
ac_cv_env_LIBUSB_LIBS_set=
ac_cv_env_LIBUSB_LIBS_value=
ac_cv_env_LT_SYS_LIBRARY_PATH_set=
ac_cv_env_LT_SYS_LIBRARY_PATH_value=
ac_cv_env_MAGICKCORE_CFLAGS_set=
ac_cv_env_MAGICKCORE_CFLAGS_value=
ac_cv_env_MAGICKCORE_LIBS_set=
ac_cv_env_MAGICKCORE_LIBS_value=
ac_cv_env_PKG_CONFIG_LIBDIR_set=
ac_cv_env_PKG_CONFIG_LIBDIR_value=
ac_cv_env_PKG_CONFIG_PATH_set=
ac_cv_env_PKG_CONFIG_PATH_value=
ac_cv_env_PKG_CONFIG_set=
ac_cv_env_PKG_CONFIG_value=
ac_cv_env_build_alias_set=
ac_cv_env_build_alias_value=
ac_cv_env_host_alias_set=
ac_cv_env_host_alias_value=
ac_cv_env_target_alias_set=
ac_cv_env_target_alias_value=
ac_cv_func_malloc_0_nonnull=yes
ac_cv_header_dlfcn_h=yes
ac_cv_header_inttypes_h=yes
ac_cv_header_memory_h=yes
ac_cv_header_stdbool_h=yes
ac_cv_header_stdc=yes
ac_cv_header_stdint_h=yes
ac_cv_header_stdlib_h=yes
ac_cv_header_string_h=yes
ac_cv_header_strings_h=yes
ac_cv_header_sys_stat_h=yes
ac_cv_header_sys_types_h=yes
ac_cv_header_unistd_h=yes
ac_cv_host=armv7l-unknown-linux-gnueabihf
ac_cv_objext=o
ac_cv_path_EGREP='/bin/grep -E'
ac_cv_path_FGREP='/bin/grep -F'
ac_cv_path_GREP=/bin/grep
ac_cv_path_LIBUSB_CONFIG=/usr/bin/libusb-config
ac_cv_path_SED=/bin/sed
ac_cv_path_ac_pt_PKG_CONFIG=/usr/bin/pkg-config
ac_cv_path_install='/usr/bin/install -c'
ac_cv_path_lt_DD=/bin/dd
ac_cv_path_mkdir=/bin/mkdir
ac_cv_prog_AWK=gawk
ac_cv_prog_CPP='gcc -E'
ac_cv_prog_CXXCPP='g++ -E'
ac_cv_prog_ac_ct_AR=ar
ac_cv_prog_ac_ct_CC=gcc
ac_cv_prog_ac_ct_CXX=g++
ac_cv_prog_ac_ct_MANIFEST_TOOL=mt
ac_cv_prog_ac_ct_OBJDUMP=objdump
ac_cv_prog_ac_ct_RANLIB=ranlib
ac_cv_prog_ac_ct_STRIP=strip
ac_cv_prog_cc_c89=
ac_cv_prog_cc_g=yes
ac_cv_prog_cxx_g=yes
ac_cv_prog_make_make_set=yes
ac_cv_type__Bool=yes
am_cv_CC_dependencies_compiler_type=gcc3
am_cv_CXX_dependencies_compiler_type=gcc3
am_cv_ar_interface=ar
am_cv_make_support_nested_variables=yes
am_cv_prog_cc_c_o=yes
lt_cv_ar_at_file=@
lt_cv_archive_cmds_need_lc=no
lt_cv_deplibs_check_method=pass_all
lt_cv_file_magic_cmd='$MAGIC_CMD'
lt_cv_file_magic_test_file=
lt_cv_ld_reload_flag=-r
lt_cv_nm_interface='BSD nm'
lt_cv_objdir=.libs
lt_cv_path_LD=/usr/bin/ld
lt_cv_path_LDCXX=/usr/bin/ld
lt_cv_path_NM='/usr/bin/nm -B'
lt_cv_path_mainfest_tool=no
lt_cv_prog_compiler_c_o=yes
lt_cv_prog_compiler_c_o_CXX=yes
lt_cv_prog_compiler_pic='-fPIC -DPIC'
lt_cv_prog_compiler_pic_CXX='-fPIC -DPIC'
lt_cv_prog_compiler_pic_works=yes
lt_cv_prog_compiler_pic_works_CXX=yes
lt_cv_prog_compiler_rtti_exceptions=no
lt_cv_prog_compiler_static_works=yes
lt_cv_prog_compiler_static_works_CXX=yes
lt_cv_prog_gnu_ld=yes
lt_cv_prog_gnu_ldcxx=yes
lt_cv_sharedlib_from_linklib_cmd='printf %s\n'
lt_cv_shlibpath_overrides_runpath=no
lt_cv_sys_global_symbol_pipe='sed -n -e '\''s/^.*[	 ]\([ABCDGIRSTW][ABCDGIRSTW]*\)[	 ][	 ]*\([_A-Za-z][_A-Za-z0-9]*\)$/\1 \2 \2/p'\'' | sed '\''/ __gnu_lto/d'\'''
lt_cv_sys_global_symbol_to_c_name_address='sed -n -e '\''s/^: \(.*\) .*$/  {"\1", (void *) 0},/p'\'' -e '\''s/^[ABCDGIRSTW][ABCDGIRSTW]* .* \(.*\)$/  {"\1", (void *) \&\1},/p'\'''
lt_cv_sys_global_symbol_to_c_name_address_lib_prefix='sed -n -e '\''s/^: \(.*\) .*$/  {"\1", (void *) 0},/p'\'' -e '\''s/^[ABCDGIRSTW][ABCDGIRSTW]* .* \(lib.*\)$/  {"\1", (void *) \&\1},/p'\'' -e '\''s/^[ABCDGIRSTW][ABCDGIRSTW]* .* \(.*\)$/  {"lib\1", (void *) \&\1},/p'\'''
lt_cv_sys_global_symbol_to_cdecl='sed -n -e '\''s/^T .* \(.*\)$/extern int \1();/p'\'' -e '\''s/^[ABCDGIRSTW][ABCDGIRSTW]* .* \(.*\)$/extern char \1;/p'\'''
lt_cv_sys_global_symbol_to_import=
lt_cv_sys_max_cmd_len=1572864
lt_cv_to_host_file_cmd=func_convert_file_noop
lt_cv_to_tool_file_cmd=func_convert_file_noop
lt_cv_truncate_bin='/bin/dd bs=4096 count=1'
pkg_cv_LIBUSB_CFLAGS=
pkg_cv_LIBUSB_LIBS=-lusb

## ----------------- ##
## Output variables. ##
## ----------------- ##

ACLOCAL='${SHELL} /home/mroguide/guider/openssag/missing aclocal-1.15'
AMDEPBACKSLASH='\'
AMDEP_FALSE='#'
AMDEP_TRUE=''
AMTAR='$${TAR-tar}'
AM_BACKSLASH='\'
AM_DEFAULT_V='$(AM_DEFAULT_VERBOSITY)'
AM_DEFAULT_VERBOSITY='1'
AM_V='$(V)'
AR='ar'
AUTOCONF='${SHELL} /home/mroguide/guider/openssag/missing autoconf'
AUTOHEADER='${SHELL} /home/mroguide/guider/openssag/missing autoheader'
AUTOMAKE='${SHELL} /home/mroguide/guider/openssag/missing automake-1.15'
AWK='gawk'
CC='gcc'
CCDEPMODE='depmode=gcc3'
CFLAGS='-g -O2'
CPP='gcc -E'
CPPFLAGS=''
CXX='g++'
CXXCPP='g++ -E'
CXXDEPMODE='depmode=gcc3'
CXXFLAGS='-g -O2'
CYGPATH_W='echo'
DEFS='-DHAVE_CONFIG_H'
DEPDIR='.deps'
DLLTOOL='false'
DSYMUTIL=''
DUMPBIN=''
ECHO_C=''
ECHO_N='-n'
ECHO_T=''
EGREP='/bin/grep -E'
ENABLE_TOOL_FALSE=''
ENABLE_TOOL_TRUE='#'
EXEEXT=''
FGREP='/bin/grep -F'
GREP='/bin/grep'
INSTALL_DATA='${INSTALL} -m 644'
INSTALL_PROGRAM='${INSTALL}'
INSTALL_SCRIPT='${INSTALL}'
INSTALL_STRIP_PROGRAM='$(install_sh) -c -s'
LD='/usr/bin/ld'
LDFLAGS=''
LIBOBJS=''
LIBS=''
LIBTOOL='$(SHELL) $(top_builddir)/libtool'
LIBUSB_CFLAGS=''
LIBUSB_CONFIG='/usr/bin/libusb-config'
LIBUSB_LIBS='-lusb'
LIPO=''
LN_S='ln -s'
LTLIBOBJS=''
LT_SYS_LIBRARY_PATH=''
MAGICKCORE_CFLAGS=''
MAGICKCORE_LIBS=''
MAKEINFO='${SHELL} /home/mroguide/guider/openssag/missing makeinfo'
MANIFEST_TOOL=':'
MKDIR_P='/bin/mkdir -p'
NM='/usr/bin/nm -B'
NMEDIT=''
OBJDUMP='objdump'
OBJEXT='o'
OTOOL64=''
OTOOL=''
PACKAGE='openssag'
PACKAGE_BUGREPORT='eric@ejholmes.net'
PACKAGE_NAME='OpenSSAG'
PACKAGE_STRING='OpenSSAG 0.1.5.1'
PACKAGE_TARNAME='openssag'
PACKAGE_URL=''
PACKAGE_VERSION='0.1.5.1'
PATH_SEPARATOR=':'
PKG_CONFIG='/usr/bin/pkg-config'
PKG_CONFIG_LIBDIR=''
PKG_CONFIG_PATH=''
RANLIB='ranlib'
SED='/bin/sed'
SET_MAKE=''
SHARED_FALSE='#'
SHARED_TRUE=''
SHELL='/bin/bash'
STRIP='strip'
VERSION='0.1.5.1'
ac_ct_AR='ar'
ac_ct_CC='gcc'
ac_ct_CXX='g++'
ac_ct_DUMPBIN=''
am__EXEEXT_FALSE=''
am__EXEEXT_TRUE='#'
am__fastdepCC_FALSE='#'
am__fastdepCC_TRUE=''
am__fastdepCXX_FALSE='#'
am__fastdepCXX_TRUE=''
am__include='include'
am__isrc=''
am__leading_dot='.'
am__nodep='_no'
am__quote=''
am__tar='$${TAR-tar} chof - "$$tardir"'
am__untar='$${TAR-tar} xf -'
bindir='${exec_prefix}/bin'
build='armv7l-unknown-linux-gnueabihf'
build_alias=''
build_cpu='armv7l'
build_os='linux-gnueabihf'
build_vendor='unknown'
datadir='${datarootdir}'
datarootdir='${prefix}/share'
docdir='${datarootdir}/doc/${PACKAGE_TARNAME}'
dvidir='${docdir}'
exec_prefix='${prefix}'
host='armv7l-unknown-linux-gnueabihf'
host_alias=''
host_cpu='armv7l'
host_os='linux-gnueabihf'
host_vendor='unknown'
htmldir='${docdir}'
includedir='${prefix}/include'
infodir='${datarootdir}/info'
install_sh='${SHELL} /home/mroguide/guider/openssag/install-sh'
libdir='${exec_prefix}/lib'
libexecdir='${exec_prefix}/libexec'
localedir='${datarootdir}/locale'
localstatedir='${prefix}/var'
mandir='${datarootdir}/man'
mkdir_p='$(MKDIR_P)'
oldincludedir='/usr/include'
pdfdir='${docdir}'
prefix='/usr'
program_transform_name='s,x,x,'
psdir='${docdir}'
runstatedir='${localstatedir}/run'
sbindir='${exec_prefix}/sbin'
sharedstatedir='${prefix}/com'
sysconfdir='${prefix}/etc'
target_alias=''

## ----------- ##
## confdefs.h. ##
## ----------- ##

/* confdefs.h */
#define PACKAGE_NAME "OpenSSAG"
#define PACKAGE_TARNAME "openssag"
#define PACKAGE_VERSION "0.1.5.1"
#define PACKAGE_STRING "OpenSSAG 0.1.5.1"
#define PACKAGE_BUGREPORT "eric@ejholmes.net"
#define PACKAGE_URL ""
#define PACKAGE "openssag"
#define VERSION "0.1.5.1"
#define STDC_HEADERS 1
#define HAVE_SYS_TYPES_H 1
#define HAVE_SYS_STAT_H 1
#define HAVE_STDLIB_H 1
#define HAVE_STRING_H 1
#define HAVE_MEMORY_H 1
#define HAVE_STRINGS_H 1
#define HAVE_INTTYPES_H 1
#define HAVE_STDINT_H 1
#define HAVE_UNISTD_H 1
#define HAVE_DLFCN_H 1
#define LT_OBJDIR ".libs/"
#define HAVE_STDLIB_H 1
#define HAVE_STRING_H 1
#define HAVE__BOOL 1
#define HAVE_STDBOOL_H 1
#define HAVE_STDLIB_H 1
#define HAVE_MALLOC 1

configure: exit 0
